# JRE version: Java(TM) SE Runtime Environment (8.0_111-b14) (build 1.8.0_111-b14)
# Java VM: Java HotSpot(TM) Client VM (25.111-b14 mixed mode windows-x86 )
Heap:
 def new generation   total 56448K, used 13213K [0x04c00000, 0x08940000, 0x0f6a0000)
  eden space 50176K,  17% used [0x04c00000, 0x05459c30, 0x07d00000)
  from space 6272K,  74% used [0x07d00000, 0x0818d7d0, 0x08320000)
  to   space 6272K,   0% used [0x08320000, 0x08320000, 0x08940000)
 tenured generation   total 125196K, used 100659K [0x0f6a0000, 0x170e3000, 0x24c00000)
   the space 125196K,  80% used [0x0f6a0000, 0x158ecf60, 0x158ed000, 0x170e3000)
 Metaspace       used 27371K, capacity 28678K, committed 28928K, reserved 29056K
GC Heap History (10 events):
Event: 213.469 GC heap before
{Heap before GC invocations=134 (full 13):
 def new generation   total 48960K, used 43460K [0x04c00000, 0x08120000, 0x0f6a0000)
  eden space 43520K,  99% used [0x04c00000, 0x076713e8, 0x07680000)
  from space 5440K,   0% used [0x07680000, 0x07680000, 0x07bd0000)
  to   space 5440K,   0% used [0x07bd0000, 0x07bd0000, 0x08120000)
 tenured generation   total 108548K, used 65127K [0x0f6a0000, 0x160a1000, 0x24c00000)
   the space 108548K,  59% used [0x0f6a0000, 0x13639d40, 0x13639e00, 0x160a1000)
 Metaspace       used 27352K, capacity 28651K, committed 28800K, reserved 29056K
Event: 213.479 GC heap after
Heap after GC invocations=135 (full 13):
 def new generation   total 48960K, used 5440K [0x04c00000, 0x08120000, 0x0f6a0000)
  eden space 43520K,   0% used [0x04c00000, 0x04c00000, 0x07680000)
  from space 5440K, 100% used [0x07bd0000, 0x08120000, 0x08120000)
  to   space 5440K,   0% used [0x07680000, 0x07680000, 0x07bd0000)
 tenured generation   total 108548K, used 76114K [0x0f6a0000, 0x160a1000, 0x24c00000)
   the space 108548K,  70% used [0x0f6a0000, 0x140f4918, 0x140f4a00, 0x160a1000)
 Metaspace       used 27352K, capacity 28651K, committed 28800K, reserved 29056K
}
Event: 227.916 GC heap before
{Heap before GC invocations=135 (full 13):
 def new generation   total 48960K, used 42389K [0x04c00000, 0x08120000, 0x0f6a0000)
  eden space 43520K,  84% used [0x04c00000, 0x07015780, 0x07680000)
  from space 5440K, 100% used [0x07bd0000, 0x08120000, 0x08120000)
  to   space 5440K,   0% used [0x07680000, 0x07680000, 0x07bd0000)
 tenured generation   total 108548K, used 76114K [0x0f6a0000, 0x160a1000, 0x24c00000)
   the space 108548K,  70% used [0x0f6a0000, 0x140f4918, 0x140f4a00, 0x160a1000)
 Metaspace       used 27412K, capacity 28723K, committed 28800K, reserved 29056K
Event: 227.991 GC heap after
Heap after GC invocations=136 (full 14):
 def new generation   total 55744K, used 0K [0x04c00000, 0x08870000, 0x0f6a0000)
  eden space 49600K,   0% used [0x04c00000, 0x04c00000, 0x07c70000)
  from space 6144K,   0% used [0x07c70000, 0x07c70000, 0x08270000)
  to   space 6144K,   0% used [0x08270000, 0x08270000, 0x08870000)
 tenured generation   total 123576K, used 74144K [0x0f6a0000, 0x16f4e000, 0x24c00000)
   the space 123576K,  59% used [0x0f6a0000, 0x13f08278, 0x13f08400, 0x16f4e000)
 Metaspace       used 27351K, capacity 28651K, committed 28800K, reserved 29056K
}
Event: 233.739 GC heap before
{Heap before GC invocations=136 (full 14):
 def new generation   total 55744K, used 15366K [0x04c00000, 0x08870000, 0x0f6a0000)
  eden space 49600K,  30% used [0x04c00000, 0x05b018e0, 0x07c70000)
  from space 6144K,   0% used [0x07c70000, 0x07c70000, 0x08270000)
  to   space 6144K,   0% used [0x08270000, 0x08270000, 0x08870000)
 tenured generation   total 123576K, used 74144K [0x0f6a0000, 0x16f4e000, 0x24c00000)
   the space 123576K,  59% used [0x0f6a0000, 0x13f08278, 0x13f08400, 0x16f4e000)
 Metaspace       used 27427K, capacity 28748K, committed 28928K, reserved 29056K
Event: 233.802 GC heap after
Heap after GC invocations=137 (full 15):
 def new generation   total 56448K, used 0K [0x04c00000, 0x08940000, 0x0f6a0000)
  eden space 50176K,   0% used [0x04c00000, 0x04c00000, 0x07d00000)
  from space 6272K,   0% used [0x07d00000, 0x07d00000, 0x08320000)
  to   space 6272K,   0% used [0x08320000, 0x08320000, 0x08940000)
 tenured generation   total 125196K, used 75115K [0x0f6a0000, 0x170e3000, 0x24c00000)
   the space 125196K,  59% used [0x0f6a0000, 0x13ffaf20, 0x13ffb000, 0x170e3000)
 Metaspace       used 27368K, capacity 28676K, committed 28928K, reserved 29056K
}
Event: 475.927 GC heap before
{Heap before GC invocations=137 (full 15):
 def new generation   total 56448K, used 48684K [0x04c00000, 0x08940000, 0x0f6a0000)
  eden space 50176K,  97% used [0x04c00000, 0x07b8b1d0, 0x07d00000)
  from space 6272K,   0% used [0x07d00000, 0x07d00000, 0x08320000)
  to   space 6272K,   0% used [0x08320000, 0x08320000, 0x08940000)
 tenured generation   total 125196K, used 75115K [0x0f6a0000, 0x170e3000, 0x24c00000)
   the space 125196K,  59% used [0x0f6a0000, 0x13ffaf20, 0x13ffb000, 0x170e3000)
 Metaspace       used 27371K, capacity 28678K, committed 28928K, reserved 29056K
Event: 475.937 GC heap after
Heap after GC invocations=138 (full 15):
 def new generation   total 56448K, used 4572K [0x04c00000, 0x08940000, 0x0f6a0000)
  eden space 50176K,   0% used [0x04c00000, 0x04c00000, 0x07d00000)
  from space 6272K,  72% used [0x08320000, 0x08797180, 0x08940000)
  to   space 6272K,   0% used [0x07d00000, 0x07d00000, 0x08320000)
 tenured generation   total 125196K, used 85769K [0x0f6a0000, 0x170e3000, 0x24c00000)
   the space 125196K,  68% used [0x0f6a0000, 0x14a62758, 0x14a62800, 0x170e3000)
 Metaspace       used 27371K, capacity 28678K, committed 28928K, reserved 29056K
}
Event: 502.017 GC heap before
{Heap before GC invocations=138 (full 15):
 def new generation   total 56448K, used 52899K [0x04c00000, 0x08940000, 0x0f6a0000)
  eden space 50176K,  96% used [0x04c00000, 0x07b31c20, 0x07d00000)
  from space 6272K,  72% used [0x08320000, 0x08797180, 0x08940000)
  to   space 6272K,   0% used [0x07d00000, 0x07d00000, 0x08320000)
 tenured generation   total 125196K, used 85769K [0x0f6a0000, 0x170e3000, 0x24c00000)
   the space 125196K,  68% used [0x0f6a0000, 0x14a62758, 0x14a62800, 0x170e3000)
 Metaspace       used 27371K, capacity 28678K, committed 28928K, reserved 29056K
Event: 502.030 GC heap after
Heap after GC invocations=139 (full 15):
 def new generation   total 56448K, used 4661K [0x04c00000, 0x08940000, 0x0f6a0000)
  eden space 50176K,   0% used [0x04c00000, 0x04c00000, 0x07d00000)
  from space 6272K,  74% used [0x07d00000, 0x0818d7d0, 0x08320000)
  to   space 6272K,   0% used [0x08320000, 0x08320000, 0x08940000)
 tenured generation   total 125196K, used 100659K [0x0f6a0000, 0x170e3000, 0x24c00000)
   the space 125196K,  80% used [0x0f6a0000, 0x158ecf60, 0x158ed000, 0x170e3000)
 Metaspace       used 27371K, capacity 28678K, committed 28928K, reserved 29056K
}

